<?xml version="1.0" encoding="UTF-8"?>
<testng-results ignored="0" total="1" passed="1" failed="0" skipped="0">
  <reporter-output>
  </reporter-output>
  <suite started-at="2024-02-04T21:45:56 IST" name="Default suite" finished-at="2024-02-04T21:46:33 IST" duration-ms="37195">
    <groups>
    </groups>
    <test started-at="2024-02-04T21:45:56 IST" name="Default test" finished-at="2024-02-04T21:46:33 IST" duration-ms="37195">
      <class name="Assignment.BitbarTest">
        <test-method is-config="true" signature="beforeMethod()[pri:0, instance:Assignment.BitbarTest@13c9d689]" started-at="2024-02-04T21:45:57 IST" name="beforeMethod" finished-at="2024-02-04T21:46:25 IST" duration-ms="28091" status="PASS">
          <reporter-output>
          </reporter-output>
        </test-method> <!-- beforeMethod -->
        <test-method signature="f(java.lang.String)[pri:0, instance:Assignment.BitbarTest@13c9d689]" started-at="2024-02-04T21:46:25 IST" name="f" data-provider="dp" finished-at="2024-02-04T21:46:33 IST" duration-ms="7718" status="PASS">
          <params>
            <param index="0">
              <value>
                <![CDATA[Prashant]]>
              </value>
            </param>
          </params>
          <reporter-output>
          </reporter-output>
        </test-method> <!-- f -->
        <test-method is-config="true" signature="afterMethod()[pri:0, instance:Assignment.BitbarTest@13c9d689]" started-at="2024-02-04T21:46:33 IST" name="afterMethod" finished-at="2024-02-04T21:46:33 IST" duration-ms="0" status="PASS">
          <reporter-output>
          </reporter-output>
        </test-method> <!-- afterMethod -->
      </class> <!-- Assignment.BitbarTest -->
    </test> <!-- Default test -->
  </suite> <!-- Default suite -->
</testng-results>
